<?xml version="1.0" encoding="UTF-8"?>
<testsuite xmlns:xsi="http://www.w3.org/2001/XMLSchema-instance" xsi:noNamespaceSchemaLocation="https://maven.apache.org/surefire/maven-surefire-plugin/xsd/surefire-test-report-3.0.xsd" version="3.0" name="com.rouchFirstCode.Customer.CustomerJDBCDataAccessServiceTest" time="2.463" tests="11" errors="0" skipped="0" failures="0">
  <properties>
    <property name="java.specification.version" value="17"/>
    <property name="sun.jnu.encoding" value="UTF-8"/>
    <property name="java.class.path" value="/Users/rdiss03/Downloads/spring-boot-example/target/test-classes:/Users/rdiss03/Downloads/spring-boot-example/target/classes:/Users/rdiss03/.m2/repository/org/springframework/boot/spring-boot-starter-web/3.3.5/spring-boot-starter-web-3.3.5.jar:/Users/rdiss03/.m2/repository/org/springframework/boot/spring-boot-starter/3.3.5/spring-boot-starter-3.3.5.jar:/Users/rdiss03/.m2/repository/org/springframework/boot/spring-boot/3.3.5/spring-boot-3.3.5.jar:/Users/rdiss03/.m2/repository/org/springframework/boot/spring-boot-autoconfigure/3.3.5/spring-boot-autoconfigure-3.3.5.jar:/Users/rdiss03/.m2/repository/org/springframework/boot/spring-boot-starter-logging/3.3.5/spring-boot-starter-logging-3.3.5.jar:/Users/rdiss03/.m2/repository/ch/qos/logback/logback-classic/1.5.11/logback-classic-1.5.11.jar:/Users/rdiss03/.m2/repository/ch/qos/logback/logback-core/1.5.11/logback-core-1.5.11.jar:/Users/rdiss03/.m2/repository/org/apache/logging/log4j/log4j-to-slf4j/2.23.1/log4j-to-slf4j-2.23.1.jar:/Users/rdiss03/.m2/repository/org/apache/logging/log4j/log4j-api/2.23.1/log4j-api-2.23.1.jar:/Users/rdiss03/.m2/repository/org/slf4j/jul-to-slf4j/2.0.16/jul-to-slf4j-2.0.16.jar:/Users/rdiss03/.m2/repository/jakarta/annotation/jakarta.annotation-api/2.1.1/jakarta.annotation-api-2.1.1.jar:/Users/rdiss03/.m2/repository/org/yaml/snakeyaml/2.2/snakeyaml-2.2.jar:/Users/rdiss03/.m2/repository/org/springframework/boot/spring-boot-starter-json/3.3.5/spring-boot-starter-json-3.3.5.jar:/Users/rdiss03/.m2/repository/com/fasterxml/jackson/core/jackson-databind/2.17.2/jackson-databind-2.17.2.jar:/Users/rdiss03/.m2/repository/com/fasterxml/jackson/core/jackson-core/2.17.2/jackson-core-2.17.2.jar:/Users/rdiss03/.m2/repository/com/fasterxml/jackson/datatype/jackson-datatype-jdk8/2.17.2/jackson-datatype-jdk8-2.17.2.jar:/Users/rdiss03/.m2/repository/com/fasterxml/jackson/datatype/jackson-datatype-jsr310/2.17.2/jackson-datatype-jsr310-2.17.2.jar:/Users/rdiss03/.m2/repository/com/fasterxml/jackson/module/jackson-module-parameter-names/2.17.2/jackson-module-parameter-names-2.17.2.jar:/Users/rdiss03/.m2/repository/org/springframework/boot/spring-boot-starter-tomcat/3.3.5/spring-boot-starter-tomcat-3.3.5.jar:/Users/rdiss03/.m2/repository/org/apache/tomcat/embed/tomcat-embed-core/10.1.31/tomcat-embed-core-10.1.31.jar:/Users/rdiss03/.m2/repository/org/apache/tomcat/embed/tomcat-embed-el/10.1.31/tomcat-embed-el-10.1.31.jar:/Users/rdiss03/.m2/repository/org/apache/tomcat/embed/tomcat-embed-websocket/10.1.31/tomcat-embed-websocket-10.1.31.jar:/Users/rdiss03/.m2/repository/org/springframework/spring-web/6.1.14/spring-web-6.1.14.jar:/Users/rdiss03/.m2/repository/org/springframework/spring-beans/6.1.14/spring-beans-6.1.14.jar:/Users/rdiss03/.m2/repository/io/micrometer/micrometer-observation/1.13.6/micrometer-observation-1.13.6.jar:/Users/rdiss03/.m2/repository/io/micrometer/micrometer-commons/1.13.6/micrometer-commons-1.13.6.jar:/Users/rdiss03/.m2/repository/org/springframework/spring-webmvc/6.1.14/spring-webmvc-6.1.14.jar:/Users/rdiss03/.m2/repository/org/springframework/spring-aop/6.1.14/spring-aop-6.1.14.jar:/Users/rdiss03/.m2/repository/org/springframework/spring-context/6.1.14/spring-context-6.1.14.jar:/Users/rdiss03/.m2/repository/org/springframework/spring-expression/6.1.14/spring-expression-6.1.14.jar:/Users/rdiss03/.m2/repository/org/springframework/boot/spring-boot-starter-test/3.3.5/spring-boot-starter-test-3.3.5.jar:/Users/rdiss03/.m2/repository/org/springframework/boot/spring-boot-test/3.3.5/spring-boot-test-3.3.5.jar:/Users/rdiss03/.m2/repository/org/springframework/boot/spring-boot-test-autoconfigure/3.3.5/spring-boot-test-autoconfigure-3.3.5.jar:/Users/rdiss03/.m2/repository/com/jayway/jsonpath/json-path/2.9.0/json-path-2.9.0.jar:/Users/rdiss03/.m2/repository/jakarta/xml/bind/jakarta.xml.bind-api/4.0.2/jakarta.xml.bind-api-4.0.2.jar:/Users/rdiss03/.m2/repository/jakarta/activation/jakarta.activation-api/2.1.3/jakarta.activation-api-2.1.3.jar:/Users/rdiss03/.m2/repository/net/minidev/json-smart/2.5.1/json-smart-2.5.1.jar:/Users/rdiss03/.m2/repository/net/minidev/accessors-smart/2.5.1/accessors-smart-2.5.1.jar:/Users/rdiss03/.m2/repository/org/ow2/asm/asm/9.6/asm-9.6.jar:/Users/rdiss03/.m2/repository/org/assertj/assertj-core/3.25.3/assertj-core-3.25.3.jar:/Users/rdiss03/.m2/repository/net/bytebuddy/byte-buddy/1.14.19/byte-buddy-1.14.19.jar:/Users/rdiss03/.m2/repository/org/awaitility/awaitility/4.2.2/awaitility-4.2.2.jar:/Users/rdiss03/.m2/repository/org/hamcrest/hamcrest/2.2/hamcrest-2.2.jar:/Users/rdiss03/.m2/repository/org/junit/jupiter/junit-jupiter/5.10.5/junit-jupiter-5.10.5.jar:/Users/rdiss03/.m2/repository/org/junit/jupiter/junit-jupiter-params/5.10.5/junit-jupiter-params-5.10.5.jar:/Users/rdiss03/.m2/repository/org/junit/jupiter/junit-jupiter-engine/5.10.5/junit-jupiter-engine-5.10.5.jar:/Users/rdiss03/.m2/repository/org/junit/platform/junit-platform-engine/1.10.5/junit-platform-engine-1.10.5.jar:/Users/rdiss03/.m2/repository/org/mockito/mockito-core/5.11.0/mockito-core-5.11.0.jar:/Users/rdiss03/.m2/repository/net/bytebuddy/byte-buddy-agent/1.14.19/byte-buddy-agent-1.14.19.jar:/Users/rdiss03/.m2/repository/org/objenesis/objenesis/3.3/objenesis-3.3.jar:/Users/rdiss03/.m2/repository/org/mockito/mockito-junit-jupiter/5.11.0/mockito-junit-jupiter-5.11.0.jar:/Users/rdiss03/.m2/repository/org/skyscreamer/jsonassert/1.5.3/jsonassert-1.5.3.jar:/Users/rdiss03/.m2/repository/com/vaadin/external/google/android-json/0.0.20131108.vaadin1/android-json-0.0.20131108.vaadin1.jar:/Users/rdiss03/.m2/repository/org/springframework/spring-core/6.1.14/spring-core-6.1.14.jar:/Users/rdiss03/.m2/repository/org/springframework/spring-jcl/6.1.14/spring-jcl-6.1.14.jar:/Users/rdiss03/.m2/repository/org/springframework/spring-test/6.1.14/spring-test-6.1.14.jar:/Users/rdiss03/.m2/repository/org/xmlunit/xmlunit-core/2.9.1/xmlunit-core-2.9.1.jar:/Users/rdiss03/.m2/repository/org/postgresql/postgresql/42.7.4/postgresql-42.7.4.jar:/Users/rdiss03/.m2/repository/org/checkerframework/checker-qual/3.42.0/checker-qual-3.42.0.jar:/Users/rdiss03/.m2/repository/org/springframework/boot/spring-boot-starter-data-jpa/3.3.5/spring-boot-starter-data-jpa-3.3.5.jar:/Users/rdiss03/.m2/repository/org/springframework/boot/spring-boot-starter-aop/3.3.5/spring-boot-starter-aop-3.3.5.jar:/Users/rdiss03/.m2/repository/org/aspectj/aspectjweaver/1.9.22.1/aspectjweaver-1.9.22.1.jar:/Users/rdiss03/.m2/repository/org/springframework/boot/spring-boot-starter-jdbc/3.3.5/spring-boot-starter-jdbc-3.3.5.jar:/Users/rdiss03/.m2/repository/com/zaxxer/HikariCP/5.1.0/HikariCP-5.1.0.jar:/Users/rdiss03/.m2/repository/org/springframework/spring-jdbc/6.1.14/spring-jdbc-6.1.14.jar:/Users/rdiss03/.m2/repository/org/hibernate/orm/hibernate-core/6.5.3.Final/hibernate-core-6.5.3.Final.jar:/Users/rdiss03/.m2/repository/jakarta/persistence/jakarta.persistence-api/3.1.0/jakarta.persistence-api-3.1.0.jar:/Users/rdiss03/.m2/repository/jakarta/transaction/jakarta.transaction-api/2.0.1/jakarta.transaction-api-2.0.1.jar:/Users/rdiss03/.m2/repository/org/jboss/logging/jboss-logging/3.5.3.Final/jboss-logging-3.5.3.Final.jar:/Users/rdiss03/.m2/repository/org/hibernate/common/hibernate-commons-annotations/6.0.6.Final/hibernate-commons-annotations-6.0.6.Final.jar:/Users/rdiss03/.m2/repository/io/smallrye/jandex/3.1.2/jandex-3.1.2.jar:/Users/rdiss03/.m2/repository/com/fasterxml/classmate/1.7.0/classmate-1.7.0.jar:/Users/rdiss03/.m2/repository/org/glassfish/jaxb/jaxb-runtime/4.0.5/jaxb-runtime-4.0.5.jar:/Users/rdiss03/.m2/repository/org/glassfish/jaxb/jaxb-core/4.0.5/jaxb-core-4.0.5.jar:/Users/rdiss03/.m2/repository/org/eclipse/angus/angus-activation/2.0.2/angus-activation-2.0.2.jar:/Users/rdiss03/.m2/repository/org/glassfish/jaxb/txw2/4.0.5/txw2-4.0.5.jar:/Users/rdiss03/.m2/repository/com/sun/istack/istack-commons-runtime/4.1.2/istack-commons-runtime-4.1.2.jar:/Users/rdiss03/.m2/repository/jakarta/inject/jakarta.inject-api/2.0.1/jakarta.inject-api-2.0.1.jar:/Users/rdiss03/.m2/repository/org/antlr/antlr4-runtime/4.13.0/antlr4-runtime-4.13.0.jar:/Users/rdiss03/.m2/repository/org/springframework/data/spring-data-jpa/3.3.5/spring-data-jpa-3.3.5.jar:/Users/rdiss03/.m2/repository/org/springframework/data/spring-data-commons/3.3.5/spring-data-commons-3.3.5.jar:/Users/rdiss03/.m2/repository/org/springframework/spring-orm/6.1.14/spring-orm-6.1.14.jar:/Users/rdiss03/.m2/repository/org/springframework/spring-tx/6.1.14/spring-tx-6.1.14.jar:/Users/rdiss03/.m2/repository/org/springframework/spring-aspects/6.1.14/spring-aspects-6.1.14.jar:/Users/rdiss03/.m2/repository/org/springframework/boot/spring-boot-starter-data-jdbc/3.3.5/spring-boot-starter-data-jdbc-3.3.5.jar:/Users/rdiss03/.m2/repository/org/springframework/data/spring-data-jdbc/3.3.5/spring-data-jdbc-3.3.5.jar:/Users/rdiss03/.m2/repository/org/springframework/data/spring-data-relational/3.3.5/spring-data-relational-3.3.5.jar:/Users/rdiss03/.m2/repository/org/flywaydb/flyway-core/9.0.0/flyway-core-9.0.0.jar:/Users/rdiss03/.m2/repository/com/github/javafaker/javafaker/1.0.2/javafaker-1.0.2.jar:/Users/rdiss03/.m2/repository/org/apache/commons/commons-lang3/3.14.0/commons-lang3-3.14.0.jar:/Users/rdiss03/.m2/repository/org/yaml/snakeyaml/1.23/snakeyaml-1.23-android.jar:/Users/rdiss03/.m2/repository/com/github/mifmif/generex/1.0.2/generex-1.0.2.jar:/Users/rdiss03/.m2/repository/dk/brics/automaton/automaton/1.11-8/automaton-1.11-8.jar:/Users/rdiss03/.m2/repository/org/testcontainers/testcontainers/1.17.6/testcontainers-1.17.6.jar:/Users/rdiss03/.m2/repository/junit/junit/4.13.2/junit-4.13.2.jar:/Users/rdiss03/.m2/repository/org/hamcrest/hamcrest-core/2.2/hamcrest-core-2.2.jar:/Users/rdiss03/.m2/repository/org/slf4j/slf4j-api/2.0.16/slf4j-api-2.0.16.jar:/Users/rdiss03/.m2/repository/org/apache/commons/commons-compress/1.22/commons-compress-1.22.jar:/Users/rdiss03/.m2/repository/org/rnorth/duct-tape/duct-tape/1.0.8/duct-tape-1.0.8.jar:/Users/rdiss03/.m2/repository/org/jetbrains/annotations/17.0.0/annotations-17.0.0.jar:/Users/rdiss03/.m2/repository/com/github/docker-java/docker-java-api/3.2.13/docker-java-api-3.2.13.jar:/Users/rdiss03/.m2/repository/com/fasterxml/jackson/core/jackson-annotations/2.17.2/jackson-annotations-2.17.2.jar:/Users/rdiss03/.m2/repository/com/github/docker-java/docker-java-transport-zerodep/3.2.13/docker-java-transport-zerodep-3.2.13.jar:/Users/rdiss03/.m2/repository/com/github/docker-java/docker-java-transport/3.2.13/docker-java-transport-3.2.13.jar:/Users/rdiss03/.m2/repository/net/java/dev/jna/jna/5.8.0/jna-5.8.0.jar:/Users/rdiss03/.m2/repository/org/testcontainers/junit-jupiter/1.17.6/junit-jupiter-1.17.6.jar:/Users/rdiss03/.m2/repository/org/junit/jupiter/junit-jupiter-api/5.10.5/junit-jupiter-api-5.10.5.jar:/Users/rdiss03/.m2/repository/org/opentest4j/opentest4j/1.3.0/opentest4j-1.3.0.jar:/Users/rdiss03/.m2/repository/org/junit/platform/junit-platform-commons/1.10.5/junit-platform-commons-1.10.5.jar:/Users/rdiss03/.m2/repository/org/apiguardian/apiguardian-api/1.1.2/apiguardian-api-1.1.2.jar:/Users/rdiss03/.m2/repository/org/testcontainers/postgresql/1.17.6/postgresql-1.17.6.jar:/Users/rdiss03/.m2/repository/org/testcontainers/jdbc/1.19.8/jdbc-1.19.8.jar:/Users/rdiss03/.m2/repository/org/testcontainers/database-commons/1.19.8/database-commons-1.19.8.jar:"/>
    <property name="java.vm.vendor" value="JetBrains s.r.o."/>
    <property name="sun.arch.data.model" value="64"/>
    <property name="java.vendor.url" value="https://openjdk.java.net/"/>
    <property name="user.timezone" value="Europe/Paris"/>
    <property name="os.name" value="Mac OS X"/>
    <property name="java.vm.specification.version" value="17"/>
    <property name="sun.java.launcher" value="SUN_STANDARD"/>
    <property name="user.country" value="FR"/>
    <property name="sun.boot.library.path" value="/Users/rdiss03/Library/Java/JavaVirtualMachines/jbr-17.0.12/Contents/Home/lib"/>
    <property name="sun.java.command" value="/Users/rdiss03/Downloads/spring-boot-example/target/surefire/surefirebooter-20241111145648563_3.jar /Users/rdiss03/Downloads/spring-boot-example/target/surefire 2024-11-11T14-56-47_230-jvmRun1 surefire-20241111145648563_1tmp surefire_0-20241111145648563_2tmp"/>
    <property name="http.nonProxyHosts" value="local|*.local|169.254/16|*.169.254/16"/>
    <property name="jdk.debug" value="release"/>
    <property name="surefire.test.class.path" value="/Users/rdiss03/Downloads/spring-boot-example/target/test-classes:/Users/rdiss03/Downloads/spring-boot-example/target/classes:/Users/rdiss03/.m2/repository/org/springframework/boot/spring-boot-starter-web/3.3.5/spring-boot-starter-web-3.3.5.jar:/Users/rdiss03/.m2/repository/org/springframework/boot/spring-boot-starter/3.3.5/spring-boot-starter-3.3.5.jar:/Users/rdiss03/.m2/repository/org/springframework/boot/spring-boot/3.3.5/spring-boot-3.3.5.jar:/Users/rdiss03/.m2/repository/org/springframework/boot/spring-boot-autoconfigure/3.3.5/spring-boot-autoconfigure-3.3.5.jar:/Users/rdiss03/.m2/repository/org/springframework/boot/spring-boot-starter-logging/3.3.5/spring-boot-starter-logging-3.3.5.jar:/Users/rdiss03/.m2/repository/ch/qos/logback/logback-classic/1.5.11/logback-classic-1.5.11.jar:/Users/rdiss03/.m2/repository/ch/qos/logback/logback-core/1.5.11/logback-core-1.5.11.jar:/Users/rdiss03/.m2/repository/org/apache/logging/log4j/log4j-to-slf4j/2.23.1/log4j-to-slf4j-2.23.1.jar:/Users/rdiss03/.m2/repository/org/apache/logging/log4j/log4j-api/2.23.1/log4j-api-2.23.1.jar:/Users/rdiss03/.m2/repository/org/slf4j/jul-to-slf4j/2.0.16/jul-to-slf4j-2.0.16.jar:/Users/rdiss03/.m2/repository/jakarta/annotation/jakarta.annotation-api/2.1.1/jakarta.annotation-api-2.1.1.jar:/Users/rdiss03/.m2/repository/org/yaml/snakeyaml/2.2/snakeyaml-2.2.jar:/Users/rdiss03/.m2/repository/org/springframework/boot/spring-boot-starter-json/3.3.5/spring-boot-starter-json-3.3.5.jar:/Users/rdiss03/.m2/repository/com/fasterxml/jackson/core/jackson-databind/2.17.2/jackson-databind-2.17.2.jar:/Users/rdiss03/.m2/repository/com/fasterxml/jackson/core/jackson-core/2.17.2/jackson-core-2.17.2.jar:/Users/rdiss03/.m2/repository/com/fasterxml/jackson/datatype/jackson-datatype-jdk8/2.17.2/jackson-datatype-jdk8-2.17.2.jar:/Users/rdiss03/.m2/repository/com/fasterxml/jackson/datatype/jackson-datatype-jsr310/2.17.2/jackson-datatype-jsr310-2.17.2.jar:/Users/rdiss03/.m2/repository/com/fasterxml/jackson/module/jackson-module-parameter-names/2.17.2/jackson-module-parameter-names-2.17.2.jar:/Users/rdiss03/.m2/repository/org/springframework/boot/spring-boot-starter-tomcat/3.3.5/spring-boot-starter-tomcat-3.3.5.jar:/Users/rdiss03/.m2/repository/org/apache/tomcat/embed/tomcat-embed-core/10.1.31/tomcat-embed-core-10.1.31.jar:/Users/rdiss03/.m2/repository/org/apache/tomcat/embed/tomcat-embed-el/10.1.31/tomcat-embed-el-10.1.31.jar:/Users/rdiss03/.m2/repository/org/apache/tomcat/embed/tomcat-embed-websocket/10.1.31/tomcat-embed-websocket-10.1.31.jar:/Users/rdiss03/.m2/repository/org/springframework/spring-web/6.1.14/spring-web-6.1.14.jar:/Users/rdiss03/.m2/repository/org/springframework/spring-beans/6.1.14/spring-beans-6.1.14.jar:/Users/rdiss03/.m2/repository/io/micrometer/micrometer-observation/1.13.6/micrometer-observation-1.13.6.jar:/Users/rdiss03/.m2/repository/io/micrometer/micrometer-commons/1.13.6/micrometer-commons-1.13.6.jar:/Users/rdiss03/.m2/repository/org/springframework/spring-webmvc/6.1.14/spring-webmvc-6.1.14.jar:/Users/rdiss03/.m2/repository/org/springframework/spring-aop/6.1.14/spring-aop-6.1.14.jar:/Users/rdiss03/.m2/repository/org/springframework/spring-context/6.1.14/spring-context-6.1.14.jar:/Users/rdiss03/.m2/repository/org/springframework/spring-expression/6.1.14/spring-expression-6.1.14.jar:/Users/rdiss03/.m2/repository/org/springframework/boot/spring-boot-starter-test/3.3.5/spring-boot-starter-test-3.3.5.jar:/Users/rdiss03/.m2/repository/org/springframework/boot/spring-boot-test/3.3.5/spring-boot-test-3.3.5.jar:/Users/rdiss03/.m2/repository/org/springframework/boot/spring-boot-test-autoconfigure/3.3.5/spring-boot-test-autoconfigure-3.3.5.jar:/Users/rdiss03/.m2/repository/com/jayway/jsonpath/json-path/2.9.0/json-path-2.9.0.jar:/Users/rdiss03/.m2/repository/jakarta/xml/bind/jakarta.xml.bind-api/4.0.2/jakarta.xml.bind-api-4.0.2.jar:/Users/rdiss03/.m2/repository/jakarta/activation/jakarta.activation-api/2.1.3/jakarta.activation-api-2.1.3.jar:/Users/rdiss03/.m2/repository/net/minidev/json-smart/2.5.1/json-smart-2.5.1.jar:/Users/rdiss03/.m2/repository/net/minidev/accessors-smart/2.5.1/accessors-smart-2.5.1.jar:/Users/rdiss03/.m2/repository/org/ow2/asm/asm/9.6/asm-9.6.jar:/Users/rdiss03/.m2/repository/org/assertj/assertj-core/3.25.3/assertj-core-3.25.3.jar:/Users/rdiss03/.m2/repository/net/bytebuddy/byte-buddy/1.14.19/byte-buddy-1.14.19.jar:/Users/rdiss03/.m2/repository/org/awaitility/awaitility/4.2.2/awaitility-4.2.2.jar:/Users/rdiss03/.m2/repository/org/hamcrest/hamcrest/2.2/hamcrest-2.2.jar:/Users/rdiss03/.m2/repository/org/junit/jupiter/junit-jupiter/5.10.5/junit-jupiter-5.10.5.jar:/Users/rdiss03/.m2/repository/org/junit/jupiter/junit-jupiter-params/5.10.5/junit-jupiter-params-5.10.5.jar:/Users/rdiss03/.m2/repository/org/junit/jupiter/junit-jupiter-engine/5.10.5/junit-jupiter-engine-5.10.5.jar:/Users/rdiss03/.m2/repository/org/junit/platform/junit-platform-engine/1.10.5/junit-platform-engine-1.10.5.jar:/Users/rdiss03/.m2/repository/org/mockito/mockito-core/5.11.0/mockito-core-5.11.0.jar:/Users/rdiss03/.m2/repository/net/bytebuddy/byte-buddy-agent/1.14.19/byte-buddy-agent-1.14.19.jar:/Users/rdiss03/.m2/repository/org/objenesis/objenesis/3.3/objenesis-3.3.jar:/Users/rdiss03/.m2/repository/org/mockito/mockito-junit-jupiter/5.11.0/mockito-junit-jupiter-5.11.0.jar:/Users/rdiss03/.m2/repository/org/skyscreamer/jsonassert/1.5.3/jsonassert-1.5.3.jar:/Users/rdiss03/.m2/repository/com/vaadin/external/google/android-json/0.0.20131108.vaadin1/android-json-0.0.20131108.vaadin1.jar:/Users/rdiss03/.m2/repository/org/springframework/spring-core/6.1.14/spring-core-6.1.14.jar:/Users/rdiss03/.m2/repository/org/springframework/spring-jcl/6.1.14/spring-jcl-6.1.14.jar:/Users/rdiss03/.m2/repository/org/springframework/spring-test/6.1.14/spring-test-6.1.14.jar:/Users/rdiss03/.m2/repository/org/xmlunit/xmlunit-core/2.9.1/xmlunit-core-2.9.1.jar:/Users/rdiss03/.m2/repository/org/postgresql/postgresql/42.7.4/postgresql-42.7.4.jar:/Users/rdiss03/.m2/repository/org/checkerframework/checker-qual/3.42.0/checker-qual-3.42.0.jar:/Users/rdiss03/.m2/repository/org/springframework/boot/spring-boot-starter-data-jpa/3.3.5/spring-boot-starter-data-jpa-3.3.5.jar:/Users/rdiss03/.m2/repository/org/springframework/boot/spring-boot-starter-aop/3.3.5/spring-boot-starter-aop-3.3.5.jar:/Users/rdiss03/.m2/repository/org/aspectj/aspectjweaver/1.9.22.1/aspectjweaver-1.9.22.1.jar:/Users/rdiss03/.m2/repository/org/springframework/boot/spring-boot-starter-jdbc/3.3.5/spring-boot-starter-jdbc-3.3.5.jar:/Users/rdiss03/.m2/repository/com/zaxxer/HikariCP/5.1.0/HikariCP-5.1.0.jar:/Users/rdiss03/.m2/repository/org/springframework/spring-jdbc/6.1.14/spring-jdbc-6.1.14.jar:/Users/rdiss03/.m2/repository/org/hibernate/orm/hibernate-core/6.5.3.Final/hibernate-core-6.5.3.Final.jar:/Users/rdiss03/.m2/repository/jakarta/persistence/jakarta.persistence-api/3.1.0/jakarta.persistence-api-3.1.0.jar:/Users/rdiss03/.m2/repository/jakarta/transaction/jakarta.transaction-api/2.0.1/jakarta.transaction-api-2.0.1.jar:/Users/rdiss03/.m2/repository/org/jboss/logging/jboss-logging/3.5.3.Final/jboss-logging-3.5.3.Final.jar:/Users/rdiss03/.m2/repository/org/hibernate/common/hibernate-commons-annotations/6.0.6.Final/hibernate-commons-annotations-6.0.6.Final.jar:/Users/rdiss03/.m2/repository/io/smallrye/jandex/3.1.2/jandex-3.1.2.jar:/Users/rdiss03/.m2/repository/com/fasterxml/classmate/1.7.0/classmate-1.7.0.jar:/Users/rdiss03/.m2/repository/org/glassfish/jaxb/jaxb-runtime/4.0.5/jaxb-runtime-4.0.5.jar:/Users/rdiss03/.m2/repository/org/glassfish/jaxb/jaxb-core/4.0.5/jaxb-core-4.0.5.jar:/Users/rdiss03/.m2/repository/org/eclipse/angus/angus-activation/2.0.2/angus-activation-2.0.2.jar:/Users/rdiss03/.m2/repository/org/glassfish/jaxb/txw2/4.0.5/txw2-4.0.5.jar:/Users/rdiss03/.m2/repository/com/sun/istack/istack-commons-runtime/4.1.2/istack-commons-runtime-4.1.2.jar:/Users/rdiss03/.m2/repository/jakarta/inject/jakarta.inject-api/2.0.1/jakarta.inject-api-2.0.1.jar:/Users/rdiss03/.m2/repository/org/antlr/antlr4-runtime/4.13.0/antlr4-runtime-4.13.0.jar:/Users/rdiss03/.m2/repository/org/springframework/data/spring-data-jpa/3.3.5/spring-data-jpa-3.3.5.jar:/Users/rdiss03/.m2/repository/org/springframework/data/spring-data-commons/3.3.5/spring-data-commons-3.3.5.jar:/Users/rdiss03/.m2/repository/org/springframework/spring-orm/6.1.14/spring-orm-6.1.14.jar:/Users/rdiss03/.m2/repository/org/springframework/spring-tx/6.1.14/spring-tx-6.1.14.jar:/Users/rdiss03/.m2/repository/org/springframework/spring-aspects/6.1.14/spring-aspects-6.1.14.jar:/Users/rdiss03/.m2/repository/org/springframework/boot/spring-boot-starter-data-jdbc/3.3.5/spring-boot-starter-data-jdbc-3.3.5.jar:/Users/rdiss03/.m2/repository/org/springframework/data/spring-data-jdbc/3.3.5/spring-data-jdbc-3.3.5.jar:/Users/rdiss03/.m2/repository/org/springframework/data/spring-data-relational/3.3.5/spring-data-relational-3.3.5.jar:/Users/rdiss03/.m2/repository/org/flywaydb/flyway-core/9.0.0/flyway-core-9.0.0.jar:/Users/rdiss03/.m2/repository/com/github/javafaker/javafaker/1.0.2/javafaker-1.0.2.jar:/Users/rdiss03/.m2/repository/org/apache/commons/commons-lang3/3.14.0/commons-lang3-3.14.0.jar:/Users/rdiss03/.m2/repository/org/yaml/snakeyaml/1.23/snakeyaml-1.23-android.jar:/Users/rdiss03/.m2/repository/com/github/mifmif/generex/1.0.2/generex-1.0.2.jar:/Users/rdiss03/.m2/repository/dk/brics/automaton/automaton/1.11-8/automaton-1.11-8.jar:/Users/rdiss03/.m2/repository/org/testcontainers/testcontainers/1.17.6/testcontainers-1.17.6.jar:/Users/rdiss03/.m2/repository/junit/junit/4.13.2/junit-4.13.2.jar:/Users/rdiss03/.m2/repository/org/hamcrest/hamcrest-core/2.2/hamcrest-core-2.2.jar:/Users/rdiss03/.m2/repository/org/slf4j/slf4j-api/2.0.16/slf4j-api-2.0.16.jar:/Users/rdiss03/.m2/repository/org/apache/commons/commons-compress/1.22/commons-compress-1.22.jar:/Users/rdiss03/.m2/repository/org/rnorth/duct-tape/duct-tape/1.0.8/duct-tape-1.0.8.jar:/Users/rdiss03/.m2/repository/org/jetbrains/annotations/17.0.0/annotations-17.0.0.jar:/Users/rdiss03/.m2/repository/com/github/docker-java/docker-java-api/3.2.13/docker-java-api-3.2.13.jar:/Users/rdiss03/.m2/repository/com/fasterxml/jackson/core/jackson-annotations/2.17.2/jackson-annotations-2.17.2.jar:/Users/rdiss03/.m2/repository/com/github/docker-java/docker-java-transport-zerodep/3.2.13/docker-java-transport-zerodep-3.2.13.jar:/Users/rdiss03/.m2/repository/com/github/docker-java/docker-java-transport/3.2.13/docker-java-transport-3.2.13.jar:/Users/rdiss03/.m2/repository/net/java/dev/jna/jna/5.8.0/jna-5.8.0.jar:/Users/rdiss03/.m2/repository/org/testcontainers/junit-jupiter/1.17.6/junit-jupiter-1.17.6.jar:/Users/rdiss03/.m2/repository/org/junit/jupiter/junit-jupiter-api/5.10.5/junit-jupiter-api-5.10.5.jar:/Users/rdiss03/.m2/repository/org/opentest4j/opentest4j/1.3.0/opentest4j-1.3.0.jar:/Users/rdiss03/.m2/repository/org/junit/platform/junit-platform-commons/1.10.5/junit-platform-commons-1.10.5.jar:/Users/rdiss03/.m2/repository/org/apiguardian/apiguardian-api/1.1.2/apiguardian-api-1.1.2.jar:/Users/rdiss03/.m2/repository/org/testcontainers/postgresql/1.17.6/postgresql-1.17.6.jar:/Users/rdiss03/.m2/repository/org/testcontainers/jdbc/1.19.8/jdbc-1.19.8.jar:/Users/rdiss03/.m2/repository/org/testcontainers/database-commons/1.19.8/database-commons-1.19.8.jar:"/>
    <property name="sun.cpu.endian" value="little"/>
    <property name="user.home" value="/Users/rdiss03"/>
    <property name="user.language" value="fr"/>
    <property name="java.specification.vendor" value="Oracle Corporation"/>
    <property name="java.version.date" value="2024-07-16"/>
    <property name="java.home" value="/Users/rdiss03/Library/Java/JavaVirtualMachines/jbr-17.0.12/Contents/Home"/>
    <property name="file.separator" value="/"/>
    <property name="basedir" value="/Users/rdiss03/Downloads/spring-boot-example"/>
    <property name="java.vm.compressedOopsMode" value="Zero based"/>
    <property name="line.separator" value="&#10;"/>
    <property name="java.vm.specification.vendor" value="Oracle Corporation"/>
    <property name="java.specification.name" value="Java Platform API Specification"/>
    <property name="intellij.os.virtualization" value="none"/>
    <property name="jbr.virtualization.information" value="No virtualization detected"/>
    <property name="surefire.real.class.path" value="/Users/rdiss03/Downloads/spring-boot-example/target/surefire/surefirebooter-20241111145648563_3.jar"/>
    <property name="sun.management.compiler" value="HotSpot 64-Bit Tiered Compilers"/>
    <property name="ftp.nonProxyHosts" value="local|*.local|169.254/16|*.169.254/16"/>
    <property name="java.runtime.version" value="17.0.12+1-b1207.37"/>
    <property name="user.name" value="rdiss03"/>
    <property name="path.separator" value=":"/>
    <property name="os.version" value="15.0.1"/>
    <property name="java.runtime.name" value="OpenJDK Runtime Environment"/>
    <property name="file.encoding" value="UTF-8"/>
    <property name="java.vm.name" value="OpenJDK 64-Bit Server VM"/>
    <property name="java.vendor.version" value="JBR-17.0.12+1-1207.37-nomod"/>
    <property name="localRepository" value="/Users/rdiss03/.m2/repository"/>
    <property name="java.vendor.url.bug" value="https://bugreport.java.com/bugreport/"/>
    <property name="java.io.tmpdir" value="/var/folders/tj/0hvfzf6s3xxdf02ds8ckq9jh0000gq/T/"/>
    <property name="idea.version" value="2024.2.4"/>
    <property name="com.zaxxer.hikari.pool_number" value="11"/>
    <property name="java.version" value="17.0.12"/>
    <property name="user.dir" value="/Users/rdiss03/Downloads/spring-boot-example"/>
    <property name="os.arch" value="x86_64"/>
    <property name="java.vm.specification.name" value="Java Virtual Machine Specification"/>
    <property name="native.encoding" value="UTF-8"/>
    <property name="java.library.path" value="/Users/rdiss03/Library/Java/Extensions:/Library/Java/Extensions:/Network/Library/Java/Extensions:/System/Library/Java/Extensions:/usr/lib/java:."/>
    <property name="java.vm.info" value="mixed mode, sharing"/>
    <property name="java.vendor" value="JetBrains s.r.o."/>
    <property name="java.vm.version" value="17.0.12+1-b1207.37"/>
    <property name="sun.io.unicode.encoding" value="UnicodeBig"/>
    <property name="socksNonProxyHosts" value="local|*.local|169.254/16|*.169.254/16"/>
    <property name="java.class.version" value="61.0"/>
  </properties>
  <testcase name="updateThisCustomer" classname="com.rouchFirstCode.Customer.CustomerJDBCDataAccessServiceTest" time="0.444">
    <system-out><![CDATA[14:56:54.516 [main] INFO 🐳 [postgres:latest] -- Creating container for image: postgres:latest
14:56:54.578 [main] INFO 🐳 [postgres:latest] -- Container postgres:latest is starting: c98a755c5f71ce30767000cfd1083ec10ab0ed049c0b1747ae031e8441159032
14:56:55.551 [main] INFO 🐳 [postgres:latest] -- Container postgres:latest started in PT1.035765S
14:56:55.553 [main] INFO 🐳 [postgres:latest] -- Container is started (JDBC URL: jdbc:postgresql://localhost:50238/amigoscode-dao-unit-test?loggerLevel=OFF)
14:56:55.565 [main] INFO org.flywaydb.core.internal.license.VersionPrinter -- Flyway Community Edition 9.0.0 by Redgate
14:56:55.565 [main] INFO org.flywaydb.core.internal.license.VersionPrinter -- See what's new here: https://flywaydb.org/documentation/learnmore/releaseNotes#9.0.0
14:56:55.565 [main] INFO org.flywaydb.core.internal.license.VersionPrinter -- 
14:56:55.617 [main] INFO org.flywaydb.core.internal.database.base.BaseDatabaseType -- Database: jdbc:postgresql://localhost:50238/amigoscode-dao-unit-test (PostgreSQL 17.0)
14:56:55.622 [main] WARN org.flywaydb.core.internal.database.base.Database -- Flyway upgrade recommended: PostgreSQL 17.0 is newer than this version of Flyway and support has not been tested. The latest supported version of PostgreSQL is 14.
14:56:55.629 [main] INFO org.flywaydb.core.internal.command.DbValidate -- Successfully validated 2 migrations (execution time 00:00.004s)
14:56:55.636 [main] INFO org.flywaydb.core.internal.schemahistory.JdbcTableSchemaHistory -- Creating Schema History table "public"."flyway_schema_history" ...
14:56:55.648 [main] INFO org.flywaydb.core.internal.command.DbMigrate -- Current version of schema "public": << Empty Schema >>
14:56:55.659 [main] INFO org.flywaydb.core.internal.command.DbMigrate -- Migrating schema "public" to version "1 - Initial Setup"
14:56:55.676 [main] INFO org.flywaydb.core.internal.command.DbMigrate -- Migrating schema "public" to version "2 - Update Email Column Constraint"
14:56:55.686 [main] INFO org.flywaydb.core.internal.command.DbMigrate -- Successfully applied 2 migrations to schema "public", now at version v2 (execution time 00:00.040s)
14:56:55.967 [main] INFO com.zaxxer.hikari.HikariDataSource -- HikariPool-1 - Starting...
14:56:56.022 [main] INFO com.zaxxer.hikari.pool.HikariPool -- HikariPool-1 - Added connection org.postgresql.jdbc.PgConnection@7534785a
14:56:56.023 [main] INFO com.zaxxer.hikari.HikariDataSource -- HikariPool-1 - Start completed.
jdbcTemplate.update.insert = 1
update customer name result = 1
update customer age result = 1
update customer email result = 1
]]></system-out>
  </testcase>
  <testcase name="selectAllCustomers" classname="com.rouchFirstCode.Customer.CustomerJDBCDataAccessServiceTest" time="0.044">
    <system-out><![CDATA[14:56:56.148 [main] INFO com.zaxxer.hikari.HikariDataSource -- HikariPool-2 - Starting...
14:56:56.176 [main] INFO com.zaxxer.hikari.pool.HikariPool -- HikariPool-2 - Added connection org.postgresql.jdbc.PgConnection@38f502fc
14:56:56.176 [main] INFO com.zaxxer.hikari.HikariDataSource -- HikariPool-2 - Start completed.
jdbcTemplate.update.insert = 1
]]></system-out>
  </testcase>
  <testcase name="existPersonWithId" classname="com.rouchFirstCode.Customer.CustomerJDBCDataAccessServiceTest" time="0.042">
    <system-out><![CDATA[14:56:56.193 [main] INFO com.zaxxer.hikari.HikariDataSource -- HikariPool-3 - Starting...
14:56:56.220 [main] INFO com.zaxxer.hikari.pool.HikariPool -- HikariPool-3 - Added connection org.postgresql.jdbc.PgConnection@4abbe41c
14:56:56.221 [main] INFO com.zaxxer.hikari.HikariDataSource -- HikariPool-3 - Start completed.
jdbcTemplate.update.insert = 1
]]></system-out>
  </testcase>
  <testcase name="deleteCustomerById" classname="com.rouchFirstCode.Customer.CustomerJDBCDataAccessServiceTest" time="0.044">
    <system-out><![CDATA[14:56:56.238 [main] INFO com.zaxxer.hikari.HikariDataSource -- HikariPool-4 - Starting...
14:56:56.264 [main] INFO com.zaxxer.hikari.pool.HikariPool -- HikariPool-4 - Added connection org.postgresql.jdbc.PgConnection@e972ee1
14:56:56.264 [main] INFO com.zaxxer.hikari.HikariDataSource -- HikariPool-4 - Start completed.
jdbcTemplate.update.insert = 1
jdbcTemplate.delete = 1
]]></system-out>
  </testcase>
  <testcase name="existPersonWithEmail" classname="com.rouchFirstCode.Customer.CustomerJDBCDataAccessServiceTest" time="0.031">
    <system-out><![CDATA[14:56:56.280 [main] INFO com.zaxxer.hikari.HikariDataSource -- HikariPool-5 - Starting...
14:56:56.301 [main] INFO com.zaxxer.hikari.pool.HikariPool -- HikariPool-5 - Added connection org.postgresql.jdbc.PgConnection@1bb96449
14:56:56.301 [main] INFO com.zaxxer.hikari.HikariDataSource -- HikariPool-5 - Start completed.
jdbcTemplate.update.insert = 1
]]></system-out>
  </testcase>
  <testcase name="existsPersonWithIdWillReturnFalseWhenIdNotPresent" classname="com.rouchFirstCode.Customer.CustomerJDBCDataAccessServiceTest" time="0.038">
    <system-out><![CDATA[14:56:56.314 [main] INFO com.zaxxer.hikari.HikariDataSource -- HikariPool-6 - Starting...
14:56:56.345 [main] INFO com.zaxxer.hikari.pool.HikariPool -- HikariPool-6 - Added connection org.postgresql.jdbc.PgConnection@7f8c48f3
14:56:56.347 [main] INFO com.zaxxer.hikari.HikariDataSource -- HikariPool-6 - Start completed.
]]></system-out>
  </testcase>
  <testcase name="uploadCustomer" classname="com.rouchFirstCode.Customer.CustomerJDBCDataAccessServiceTest" time="0.038">
    <system-out><![CDATA[14:56:56.360 [main] INFO com.zaxxer.hikari.HikariDataSource -- HikariPool-7 - Starting...
14:56:56.385 [main] INFO com.zaxxer.hikari.pool.HikariPool -- HikariPool-7 - Added connection org.postgresql.jdbc.PgConnection@7cca31fc
14:56:56.385 [main] INFO com.zaxxer.hikari.HikariDataSource -- HikariPool-7 - Start completed.
jdbcTemplate.update.insert = 1
]]></system-out>
  </testcase>
  <testcase name="willNotUpdateWhenNothingToUpdate" classname="com.rouchFirstCode.Customer.CustomerJDBCDataAccessServiceTest" time="0.049">
    <system-out><![CDATA[14:56:56.400 [main] INFO com.zaxxer.hikari.HikariDataSource -- HikariPool-8 - Starting...
14:56:56.431 [main] INFO com.zaxxer.hikari.pool.HikariPool -- HikariPool-8 - Added connection org.postgresql.jdbc.PgConnection@30cafd13
14:56:56.432 [main] INFO com.zaxxer.hikari.HikariDataSource -- HikariPool-8 - Start completed.
jdbcTemplate.update.insert = 1
]]></system-out>
  </testcase>
  <testcase name="existsPersonWithEmailReturnsFalseWhenDoesNotExists" classname="com.rouchFirstCode.Customer.CustomerJDBCDataAccessServiceTest" time="0.054">
    <system-out><![CDATA[14:56:56.460 [main] INFO com.zaxxer.hikari.HikariDataSource -- HikariPool-9 - Starting...
14:56:56.499 [main] INFO com.zaxxer.hikari.pool.HikariPool -- HikariPool-9 - Added connection org.postgresql.jdbc.PgConnection@2af9a5ef
14:56:56.500 [main] INFO com.zaxxer.hikari.HikariDataSource -- HikariPool-9 - Start completed.
]]></system-out>
  </testcase>
  <testcase name="selectCustomerById" classname="com.rouchFirstCode.Customer.CustomerJDBCDataAccessServiceTest" time="0.044">
    <system-out><![CDATA[14:56:56.509 [main] INFO com.zaxxer.hikari.HikariDataSource -- HikariPool-10 - Starting...
14:56:56.535 [main] INFO com.zaxxer.hikari.pool.HikariPool -- HikariPool-10 - Added connection org.postgresql.jdbc.PgConnection@12f9f896
14:56:56.536 [main] INFO com.zaxxer.hikari.HikariDataSource -- HikariPool-10 - Start completed.
jdbcTemplate.update.insert = 1
]]></system-out>
  </testcase>
  <testcase name="willReturnEmptyWhenSelectCustomerById" classname="com.rouchFirstCode.Customer.CustomerJDBCDataAccessServiceTest" time="0.052">
    <system-out><![CDATA[14:56:56.556 [main] INFO com.zaxxer.hikari.HikariDataSource -- HikariPool-11 - Starting...
14:56:56.593 [main] INFO com.zaxxer.hikari.pool.HikariPool -- HikariPool-11 - Added connection org.postgresql.jdbc.PgConnection@1b475663
14:56:56.596 [main] INFO com.zaxxer.hikari.HikariDataSource -- HikariPool-11 - Start completed.
]]></system-out>
  </testcase>
</testsuite>